# JRE version: OpenJDK Runtime Environment Temurin-21.0.10+7 (21.0.10+7) (build 21.0.10+7-LTS)
# Java VM: OpenJDK 64-Bit Server VM Temurin-21.0.10+7 (21.0.10+7-LTS, mixed mode, sharing, tiered, compressed oops, compressed class ptrs, parallel gc, windows-amd64)
GC Precious Log:
 CardTable entry size: 512
 CPUs: 16 total, 16 available
 Memory: 15770M
 Large Page Support: Disabled
 NUMA Support: Disabled
 Compressed Oops: Enabled (32-bit)
 Alignments: Space 512K, Generation 512K, Heap 2M
 Heap Min Capacity: 100M
 Heap Initial Capacity: 100M
 Heap Max Capacity: 2G
 Pre-touch: Disabled
 Parallel Workers: 13
Heap:
 PSYoungGen      total 7680K, used 7386K [0x00000000d5580000, 0x00000000d5e00000, 0x0000000100000000)
  eden space 6656K, 98% used [0x00000000d5580000,0x00000000d5be1808,0x00000000d5c00000)
  from space 1024K, 83% used [0x00000000d5c00000,0x00000000d5cd5108,0x00000000d5d00000)
  to   space 1024K, 0% used [0x00000000d5d00000,0x00000000d5d00000,0x00000000d5e00000)
 ParOldGen       total 102912K, used 102832K [0x0000000080000000, 0x0000000086480000, 0x00000000d5580000)
  object space 102912K, 99% used [0x0000000080000000,0x000000008646c238,0x0000000086480000)
 Metaspace       used 66752K, committed 68288K, reserved 1114112K
  class space    used 6957K, committed 7616K, reserved 1048576K
GC Heap History (20 events):
Event: 25.167 GC heap before
{Heap before GC invocations=147 (full 3):
 PSYoungGen      total 8192K, used 7664K [0x00000000d5580000, 0x00000000d5f00000, 0x0000000100000000)
  eden space 7168K, 100% used [0x00000000d5580000,0x00000000d5c80000,0x00000000d5c80000)
  from space 1024K, 48% used [0x00000000d5c80000,0x00000000d5cfc010,0x00000000d5d80000)
  to   space 1024K, 0% used [0x00000000d5e00000,0x00000000d5e00000,0x00000000d5f00000)
 ParOldGen       total 96768K, used 96480K [0x0000000080000000, 0x0000000085e80000, 0x00000000d5580000)
  object space 96768K, 99% used [0x0000000080000000,0x0000000085e38340,0x0000000085e80000)
 Metaspace       used 63914K, committed 65472K, reserved 1114112K
  class space    used 6756K, committed 7424K, reserved 1048576K
}
Event: 25.170 GC heap after
{Heap after GC invocations=147 (full 3):
 PSYoungGen      total 7680K, used 1014K [0x00000000d5580000, 0x00000000d6080000, 0x0000000100000000)
  eden space 6656K, 0% used [0x00000000d5580000,0x00000000d5580000,0x00000000d5c00000)
  from space 1024K, 99% used [0x00000000d5e00000,0x00000000d5efdba0,0x00000000d5f00000)
  to   space 2048K, 0% used [0x00000000d5c00000,0x00000000d5c00000,0x00000000d5e00000)
 ParOldGen       total 97280K, used 96908K [0x0000000080000000, 0x0000000085f00000, 0x00000000d5580000)
  object space 97280K, 99% used [0x0000000080000000,0x0000000085ea3350,0x0000000085f00000)
 Metaspace       used 63914K, committed 65472K, reserved 1114112K
  class space    used 6756K, committed 7424K, reserved 1048576K
}
Event: 25.383 GC heap before
{Heap before GC invocations=148 (full 3):
 PSYoungGen      total 7680K, used 7661K [0x00000000d5580000, 0x00000000d6080000, 0x0000000100000000)
  eden space 6656K, 99% used [0x00000000d5580000,0x00000000d5bfd958,0x00000000d5c00000)
  from space 1024K, 99% used [0x00000000d5e00000,0x00000000d5efdba0,0x00000000d5f00000)
  to   space 2048K, 0% used [0x00000000d5c00000,0x00000000d5c00000,0x00000000d5e00000)
 ParOldGen       total 97280K, used 96908K [0x0000000080000000, 0x0000000085f00000, 0x00000000d5580000)
  object space 97280K, 99% used [0x0000000080000000,0x0000000085ea3350,0x0000000085f00000)
 Metaspace       used 64695K, committed 66240K, reserved 1114112K
  class space    used 6816K, committed 7488K, reserved 1048576K
}
Event: 25.386 GC heap after
{Heap after GC invocations=148 (full 3):
 PSYoungGen      total 7680K, used 864K [0x00000000d5580000, 0x00000000d5f00000, 0x0000000100000000)
  eden space 6656K, 0% used [0x00000000d5580000,0x00000000d5580000,0x00000000d5c00000)
  from space 1024K, 84% used [0x00000000d5c00000,0x00000000d5cd8000,0x00000000d5d00000)
  to   space 1536K, 0% used [0x00000000d5d80000,0x00000000d5d80000,0x00000000d5f00000)
 ParOldGen       total 97792K, used 97789K [0x0000000080000000, 0x0000000085f80000, 0x00000000d5580000)
  object space 97792K, 99% used [0x0000000080000000,0x0000000085f7f660,0x0000000085f80000)
 Metaspace       used 64695K, committed 66240K, reserved 1114112K
  class space    used 6816K, committed 7488K, reserved 1048576K
}
Event: 25.488 GC heap before
{Heap before GC invocations=149 (full 3):
 PSYoungGen      total 7680K, used 7520K [0x00000000d5580000, 0x00000000d5f00000, 0x0000000100000000)
  eden space 6656K, 100% used [0x00000000d5580000,0x00000000d5c00000,0x00000000d5c00000)
  from space 1024K, 84% used [0x00000000d5c00000,0x00000000d5cd8000,0x00000000d5d00000)
  to   space 1536K, 0% used [0x00000000d5d80000,0x00000000d5d80000,0x00000000d5f00000)
 ParOldGen       total 97792K, used 97789K [0x0000000080000000, 0x0000000085f80000, 0x00000000d5580000)
  object space 97792K, 99% used [0x0000000080000000,0x0000000085f7f660,0x0000000085f80000)
 Metaspace       used 65168K, committed 66752K, reserved 1114112K
  class space    used 6844K, committed 7552K, reserved 1048576K
}
Event: 25.491 GC heap after
{Heap after GC invocations=149 (full 3):
 PSYoungGen      total 8192K, used 1115K [0x00000000d5580000, 0x00000000d5f00000, 0x0000000100000000)
  eden space 6656K, 0% used [0x00000000d5580000,0x00000000d5580000,0x00000000d5c00000)
  from space 1536K, 72% used [0x00000000d5d80000,0x00000000d5e96cf0,0x00000000d5f00000)
  to   space 1536K, 0% used [0x00000000d5c00000,0x00000000d5c00000,0x00000000d5d80000)
 ParOldGen       total 98816K, used 98418K [0x0000000080000000, 0x0000000086080000, 0x00000000d5580000)
  object space 98816K, 99% used [0x0000000080000000,0x000000008601c910,0x0000000086080000)
 Metaspace       used 65168K, committed 66752K, reserved 1114112K
  class space    used 6844K, committed 7552K, reserved 1048576K
}
Event: 25.565 GC heap before
{Heap before GC invocations=150 (full 3):
 PSYoungGen      total 8192K, used 7771K [0x00000000d5580000, 0x00000000d5f00000, 0x0000000100000000)
  eden space 6656K, 100% used [0x00000000d5580000,0x00000000d5c00000,0x00000000d5c00000)
  from space 1536K, 72% used [0x00000000d5d80000,0x00000000d5e96cf0,0x00000000d5f00000)
  to   space 1536K, 0% used [0x00000000d5c00000,0x00000000d5c00000,0x00000000d5d80000)
 ParOldGen       total 98816K, used 98418K [0x0000000080000000, 0x0000000086080000, 0x00000000d5580000)
  object space 98816K, 99% used [0x0000000080000000,0x000000008601c910,0x0000000086080000)
 Metaspace       used 65483K, committed 67008K, reserved 1114112K
  class space    used 6873K, committed 7552K, reserved 1048576K
}
Event: 25.570 GC heap after
{Heap after GC invocations=150 (full 3):
 PSYoungGen      total 7680K, used 736K [0x00000000d5580000, 0x00000000d5e00000, 0x0000000100000000)
  eden space 6656K, 0% used [0x00000000d5580000,0x00000000d5580000,0x00000000d5c00000)
  from space 1024K, 71% used [0x00000000d5c00000,0x00000000d5cb8000,0x00000000d5d00000)
  to   space 1024K, 0% used [0x00000000d5d00000,0x00000000d5d00000,0x00000000d5e00000)
 ParOldGen       total 99328K, used 99093K [0x0000000080000000, 0x0000000086100000, 0x00000000d5580000)
  object space 99328K, 99% used [0x0000000080000000,0x00000000860c56c8,0x0000000086100000)
 Metaspace       used 65483K, committed 67008K, reserved 1114112K
  class space    used 6873K, committed 7552K, reserved 1048576K
}
Event: 25.623 GC heap before
{Heap before GC invocations=151 (full 3):
 PSYoungGen      total 7680K, used 7392K [0x00000000d5580000, 0x00000000d5e00000, 0x0000000100000000)
  eden space 6656K, 100% used [0x00000000d5580000,0x00000000d5c00000,0x00000000d5c00000)
  from space 1024K, 71% used [0x00000000d5c00000,0x00000000d5cb8000,0x00000000d5d00000)
  to   space 1024K, 0% used [0x00000000d5d00000,0x00000000d5d00000,0x00000000d5e00000)
 ParOldGen       total 99328K, used 99093K [0x0000000080000000, 0x0000000086100000, 0x00000000d5580000)
  object space 99328K, 99% used [0x0000000080000000,0x00000000860c56c8,0x0000000086100000)
 Metaspace       used 65528K, committed 67072K, reserved 1114112K
  class space    used 6877K, committed 7552K, reserved 1048576K
}
Event: 25.626 GC heap after
{Heap after GC invocations=151 (full 3):
 PSYoungGen      total 7680K, used 801K [0x00000000d5580000, 0x00000000d5e00000, 0x0000000100000000)
  eden space 6656K, 0% used [0x00000000d5580000,0x00000000d5580000,0x00000000d5c00000)
  from space 1024K, 78% used [0x00000000d5d00000,0x00000000d5dc8650,0x00000000d5e00000)
  to   space 1024K, 0% used [0x00000000d5c00000,0x00000000d5c00000,0x00000000d5d00000)
 ParOldGen       total 99840K, used 99661K [0x0000000080000000, 0x0000000086180000, 0x00000000d5580000)
  object space 99840K, 99% used [0x0000000080000000,0x0000000086153708,0x0000000086180000)
 Metaspace       used 65528K, committed 67072K, reserved 1114112K
  class space    used 6877K, committed 7552K, reserved 1048576K
}
Event: 25.689 GC heap before
{Heap before GC invocations=152 (full 3):
 PSYoungGen      total 7680K, used 7457K [0x00000000d5580000, 0x00000000d5e00000, 0x0000000100000000)
  eden space 6656K, 100% used [0x00000000d5580000,0x00000000d5c00000,0x00000000d5c00000)
  from space 1024K, 78% used [0x00000000d5d00000,0x00000000d5dc8650,0x00000000d5e00000)
  to   space 1024K, 0% used [0x00000000d5c00000,0x00000000d5c00000,0x00000000d5d00000)
 ParOldGen       total 99840K, used 99661K [0x0000000080000000, 0x0000000086180000, 0x00000000d5580000)
  object space 99840K, 99% used [0x0000000080000000,0x0000000086153708,0x0000000086180000)
 Metaspace       used 65582K, committed 67136K, reserved 1114112K
  class space    used 6881K, committed 7552K, reserved 1048576K
}
Event: 25.694 GC heap after
{Heap after GC invocations=152 (full 3):
 PSYoungGen      total 7680K, used 848K [0x00000000d5580000, 0x00000000d5e00000, 0x0000000100000000)
  eden space 6656K, 0% used [0x00000000d5580000,0x00000000d5580000,0x00000000d5c00000)
  from space 1024K, 82% used [0x00000000d5c00000,0x00000000d5cd4010,0x00000000d5d00000)
  to   space 1024K, 0% used [0x00000000d5d00000,0x00000000d5d00000,0x00000000d5e00000)
 ParOldGen       total 100352K, used 100207K [0x0000000080000000, 0x0000000086200000, 0x00000000d5580000)
  object space 100352K, 99% used [0x0000000080000000,0x00000000861dbd58,0x0000000086200000)
 Metaspace       used 65582K, committed 67136K, reserved 1114112K
  class space    used 6881K, committed 7552K, reserved 1048576K
}
Event: 25.779 GC heap before
{Heap before GC invocations=153 (full 3):
 PSYoungGen      total 7680K, used 7504K [0x00000000d5580000, 0x00000000d5e00000, 0x0000000100000000)
  eden space 6656K, 100% used [0x00000000d5580000,0x00000000d5c00000,0x00000000d5c00000)
  from space 1024K, 82% used [0x00000000d5c00000,0x00000000d5cd4010,0x00000000d5d00000)
  to   space 1024K, 0% used [0x00000000d5d00000,0x00000000d5d00000,0x00000000d5e00000)
 ParOldGen       total 100352K, used 100207K [0x0000000080000000, 0x0000000086200000, 0x00000000d5580000)
  object space 100352K, 99% used [0x0000000080000000,0x00000000861dbd58,0x0000000086200000)
 Metaspace       used 65711K, committed 67200K, reserved 1114112K
  class space    used 6892K, committed 7552K, reserved 1048576K
}
Event: 25.782 GC heap after
{Heap after GC invocations=153 (full 3):
 PSYoungGen      total 7680K, used 944K [0x00000000d5580000, 0x00000000d5e00000, 0x0000000100000000)
  eden space 6656K, 0% used [0x00000000d5580000,0x00000000d5580000,0x00000000d5c00000)
  from space 1024K, 92% used [0x00000000d5d00000,0x00000000d5dec0c0,0x00000000d5e00000)
  to   space 1024K, 0% used [0x00000000d5c00000,0x00000000d5c00000,0x00000000d5d00000)
 ParOldGen       total 100864K, used 100824K [0x0000000080000000, 0x0000000086280000, 0x00000000d5580000)
  object space 100864K, 99% used [0x0000000080000000,0x00000000862762b8,0x0000000086280000)
 Metaspace       used 65711K, committed 67200K, reserved 1114112K
  class space    used 6892K, committed 7552K, reserved 1048576K
}
Event: 25.920 GC heap before
{Heap before GC invocations=154 (full 3):
 PSYoungGen      total 7680K, used 7251K [0x00000000d5580000, 0x00000000d5e00000, 0x0000000100000000)
  eden space 6656K, 94% used [0x00000000d5580000,0x00000000d5ba8ea8,0x00000000d5c00000)
  from space 1024K, 92% used [0x00000000d5d00000,0x00000000d5dec0c0,0x00000000d5e00000)
  to   space 1024K, 0% used [0x00000000d5c00000,0x00000000d5c00000,0x00000000d5d00000)
 ParOldGen       total 100864K, used 100824K [0x0000000080000000, 0x0000000086280000, 0x00000000d5580000)
  object space 100864K, 99% used [0x0000000080000000,0x00000000862762b8,0x0000000086280000)
 Metaspace       used 65999K, committed 67584K, reserved 1114112K
  class space    used 6906K, committed 7616K, reserved 1048576K
}
Event: 25.924 GC heap after
{Heap after GC invocations=154 (full 3):
 PSYoungGen      total 7680K, used 832K [0x00000000d5580000, 0x00000000d5e00000, 0x0000000100000000)
  eden space 6656K, 0% used [0x00000000d5580000,0x00000000d5580000,0x00000000d5c00000)
  from space 1024K, 81% used [0x00000000d5c00000,0x00000000d5cd0220,0x00000000d5d00000)
  to   space 1024K, 0% used [0x00000000d5d00000,0x00000000d5d00000,0x00000000d5e00000)
 ParOldGen       total 101888K, used 101540K [0x0000000080000000, 0x0000000086380000, 0x00000000d5580000)
  object space 101888K, 99% used [0x0000000080000000,0x00000000863293b8,0x0000000086380000)
 Metaspace       used 65999K, committed 67584K, reserved 1114112K
  class space    used 6906K, committed 7616K, reserved 1048576K
}
Event: 26.034 GC heap before
{Heap before GC invocations=155 (full 3):
 PSYoungGen      total 7680K, used 7488K [0x00000000d5580000, 0x00000000d5e00000, 0x0000000100000000)
  eden space 6656K, 100% used [0x00000000d5580000,0x00000000d5c00000,0x00000000d5c00000)
  from space 1024K, 81% used [0x00000000d5c00000,0x00000000d5cd0220,0x00000000d5d00000)
  to   space 1024K, 0% used [0x00000000d5d00000,0x00000000d5d00000,0x00000000d5e00000)
 ParOldGen       total 101888K, used 101540K [0x0000000080000000, 0x0000000086380000, 0x00000000d5580000)
  object space 101888K, 99% used [0x0000000080000000,0x00000000863293b8,0x0000000086380000)
 Metaspace       used 66213K, committed 67776K, reserved 1114112K
  class space    used 6917K, committed 7616K, reserved 1048576K
}
Event: 26.037 GC heap after
{Heap after GC invocations=155 (full 3):
 PSYoungGen      total 7680K, used 923K [0x00000000d5580000, 0x00000000d5e00000, 0x0000000100000000)
  eden space 6656K, 0% used [0x00000000d5580000,0x00000000d5580000,0x00000000d5c00000)
  from space 1024K, 90% used [0x00000000d5d00000,0x00000000d5de6c50,0x00000000d5e00000)
  to   space 1024K, 0% used [0x00000000d5c00000,0x00000000d5c00000,0x00000000d5d00000)
 ParOldGen       total 102400K, used 102197K [0x0000000080000000, 0x0000000086400000, 0x00000000d5580000)
  object space 102400K, 99% used [0x0000000080000000,0x00000000863cd5d8,0x0000000086400000)
 Metaspace       used 66213K, committed 67776K, reserved 1114112K
  class space    used 6917K, committed 7616K, reserved 1048576K
}
Event: 26.245 GC heap before
{Heap before GC invocations=156 (full 3):
 PSYoungGen      total 7680K, used 6365K [0x00000000d5580000, 0x00000000d5e00000, 0x0000000100000000)
  eden space 6656K, 81% used [0x00000000d5580000,0x00000000d5ad08a8,0x00000000d5c00000)
  from space 1024K, 90% used [0x00000000d5d00000,0x00000000d5de6c50,0x00000000d5e00000)
  to   space 1024K, 0% used [0x00000000d5c00000,0x00000000d5c00000,0x00000000d5d00000)
 ParOldGen       total 102400K, used 102197K [0x0000000080000000, 0x0000000086400000, 0x00000000d5580000)
  object space 102400K, 99% used [0x0000000080000000,0x00000000863cd5d8,0x0000000086400000)
 Metaspace       used 66595K, committed 68160K, reserved 1114112K
  class space    used 6942K, committed 7616K, reserved 1048576K
}
Event: 26.250 GC heap after
{Heap after GC invocations=156 (full 3):
 PSYoungGen      total 7680K, used 852K [0x00000000d5580000, 0x00000000d5e00000, 0x0000000100000000)
  eden space 6656K, 0% used [0x00000000d5580000,0x00000000d5580000,0x00000000d5c00000)
  from space 1024K, 83% used [0x00000000d5c00000,0x00000000d5cd5108,0x00000000d5d00000)
  to   space 1024K, 0% used [0x00000000d5d00000,0x00000000d5d00000,0x00000000d5e00000)
 ParOldGen       total 102912K, used 102832K [0x0000000080000000, 0x0000000086480000, 0x00000000d5580000)
  object space 102912K, 99% used [0x0000000080000000,0x000000008646c238,0x0000000086480000)
 Metaspace       used 66595K, committed 68160K, reserved 1114112K
  class space    used 6942K, committed 7616K, reserved 1048576K
}

