# JRE version: OpenJDK Runtime Environment Temurin-21.0.10+7 (21.0.10+7) (build 21.0.10+7-LTS)
# Java VM: OpenJDK 64-Bit Server VM Temurin-21.0.10+7 (21.0.10+7-LTS, mixed mode, sharing, tiered, compressed oops, compressed class ptrs, parallel gc, windows-amd64)
GC Precious Log:
 CardTable entry size: 512
 CPUs: 16 total, 16 available
 Memory: 15770M
 Large Page Support: Disabled
 NUMA Support: Disabled
 Compressed Oops: Enabled (32-bit)
 Alignments: Space 512K, Generation 512K, Heap 2M
 Heap Min Capacity: 100M
 Heap Initial Capacity: 100M
 Heap Max Capacity: 2G
 Pre-touch: Disabled
 Parallel Workers: 13
Heap:
 PSYoungGen      total 17408K, used 5851K [0x00000000d5580000, 0x00000000d6780000, 0x0000000100000000)
  eden space 16384K, 32% used [0x00000000d5580000,0x00000000d5aa6d38,0x00000000d6580000)
  from space 1024K, 56% used [0x00000000d6680000,0x00000000d6710000,0x00000000d6780000)
  to   space 1024K, 0% used [0x00000000d6580000,0x00000000d6580000,0x00000000d6680000)
 ParOldGen       total 68608K, used 53456K [0x0000000080000000, 0x0000000084300000, 0x00000000d5580000)
  object space 68608K, 77% used [0x0000000080000000,0x0000000083434060,0x0000000084300000)
 Metaspace       used 56565K, committed 58048K, reserved 1114112K
  class space    used 6076K, committed 6720K, reserved 1048576K
GC Heap History (20 events):
Event: 9.877 GC heap before
{Heap before GC invocations=31 (full 2):
 PSYoungGen      total 18432K, used 18240K [0x00000000d5580000, 0x00000000d6980000, 0x0000000100000000)
  eden space 16384K, 100% used [0x00000000d5580000,0x00000000d6580000,0x00000000d6580000)
  from space 2048K, 90% used [0x00000000d6780000,0x00000000d6950000,0x00000000d6980000)
  to   space 2048K, 0% used [0x00000000d6580000,0x00000000d6580000,0x00000000d6780000)
 ParOldGen       total 68608K, used 45117K [0x0000000080000000, 0x0000000084300000, 0x00000000d5580000)
  object space 68608K, 65% used [0x0000000080000000,0x0000000082c0f6b8,0x0000000084300000)
 Metaspace       used 49210K, committed 50624K, reserved 1114112K
  class space    used 5326K, committed 5952K, reserved 1048576K
}
Event: 9.881 GC heap after
{Heap after GC invocations=31 (full 2):
 PSYoungGen      total 18432K, used 1984K [0x00000000d5580000, 0x00000000d6980000, 0x0000000100000000)
  eden space 16384K, 0% used [0x00000000d5580000,0x00000000d5580000,0x00000000d6580000)
  from space 2048K, 96% used [0x00000000d6580000,0x00000000d6770010,0x00000000d6780000)
  to   space 2048K, 0% used [0x00000000d6780000,0x00000000d6780000,0x00000000d6980000)
 ParOldGen       total 68608K, used 46821K [0x0000000080000000, 0x0000000084300000, 0x00000000d5580000)
  object space 68608K, 68% used [0x0000000080000000,0x0000000082db96b8,0x0000000084300000)
 Metaspace       used 49210K, committed 50624K, reserved 1114112K
  class space    used 5326K, committed 5952K, reserved 1048576K
}
Event: 9.982 GC heap before
{Heap before GC invocations=32 (full 2):
 PSYoungGen      total 18432K, used 18368K [0x00000000d5580000, 0x00000000d6980000, 0x0000000100000000)
  eden space 16384K, 100% used [0x00000000d5580000,0x00000000d6580000,0x00000000d6580000)
  from space 2048K, 96% used [0x00000000d6580000,0x00000000d6770010,0x00000000d6780000)
  to   space 2048K, 0% used [0x00000000d6780000,0x00000000d6780000,0x00000000d6980000)
 ParOldGen       total 68608K, used 46821K [0x0000000080000000, 0x0000000084300000, 0x00000000d5580000)
  object space 68608K, 68% used [0x0000000080000000,0x0000000082db96b8,0x0000000084300000)
 Metaspace       used 49293K, committed 50688K, reserved 1114112K
  class space    used 5337K, committed 5952K, reserved 1048576K
}
Event: 9.985 GC heap after
{Heap after GC invocations=32 (full 2):
 PSYoungGen      total 18432K, used 1897K [0x00000000d5580000, 0x00000000d6980000, 0x0000000100000000)
  eden space 16384K, 0% used [0x00000000d5580000,0x00000000d5580000,0x00000000d6580000)
  from space 2048K, 92% used [0x00000000d6780000,0x00000000d695a428,0x00000000d6980000)
  to   space 2048K, 0% used [0x00000000d6580000,0x00000000d6580000,0x00000000d6780000)
 ParOldGen       total 68608K, used 48621K [0x0000000080000000, 0x0000000084300000, 0x00000000d5580000)
  object space 68608K, 70% used [0x0000000080000000,0x0000000082f7b6c8,0x0000000084300000)
 Metaspace       used 49293K, committed 50688K, reserved 1114112K
  class space    used 5337K, committed 5952K, reserved 1048576K
}
Event: 10.262 GC heap before
{Heap before GC invocations=33 (full 2):
 PSYoungGen      total 18432K, used 18217K [0x00000000d5580000, 0x00000000d6980000, 0x0000000100000000)
  eden space 16384K, 99% used [0x00000000d5580000,0x00000000d65701f8,0x00000000d6580000)
  from space 2048K, 92% used [0x00000000d6780000,0x00000000d695a428,0x00000000d6980000)
  to   space 2048K, 0% used [0x00000000d6580000,0x00000000d6580000,0x00000000d6780000)
 ParOldGen       total 68608K, used 48621K [0x0000000080000000, 0x0000000084300000, 0x00000000d5580000)
  object space 68608K, 70% used [0x0000000080000000,0x0000000082f7b6c8,0x0000000084300000)
 Metaspace       used 51494K, committed 52928K, reserved 1114112K
  class space    used 5581K, committed 6208K, reserved 1048576K
}
Event: 10.264 GC heap after
{Heap after GC invocations=33 (full 2):
 PSYoungGen      total 17408K, used 824K [0x00000000d5580000, 0x00000000d6880000, 0x0000000100000000)
  eden space 16384K, 0% used [0x00000000d5580000,0x00000000d5580000,0x00000000d6580000)
  from space 1024K, 80% used [0x00000000d6580000,0x00000000d664e2e8,0x00000000d6680000)
  to   space 1536K, 0% used [0x00000000d6700000,0x00000000d6700000,0x00000000d6880000)
 ParOldGen       total 68608K, used 49981K [0x0000000080000000, 0x0000000084300000, 0x00000000d5580000)
  object space 68608K, 72% used [0x0000000080000000,0x00000000830cf700,0x0000000084300000)
 Metaspace       used 51494K, committed 52928K, reserved 1114112K
  class space    used 5581K, committed 6208K, reserved 1048576K
}
Event: 10.550 GC heap before
{Heap before GC invocations=34 (full 2):
 PSYoungGen      total 17408K, used 17208K [0x00000000d5580000, 0x00000000d6880000, 0x0000000100000000)
  eden space 16384K, 100% used [0x00000000d5580000,0x00000000d6580000,0x00000000d6580000)
  from space 1024K, 80% used [0x00000000d6580000,0x00000000d664e2e8,0x00000000d6680000)
  to   space 1536K, 0% used [0x00000000d6700000,0x00000000d6700000,0x00000000d6880000)
 ParOldGen       total 68608K, used 49981K [0x0000000080000000, 0x0000000084300000, 0x00000000d5580000)
  object space 68608K, 72% used [0x0000000080000000,0x00000000830cf700,0x0000000084300000)
 Metaspace       used 52192K, committed 53568K, reserved 1114112K
  class space    used 5670K, committed 6272K, reserved 1048576K
}
Event: 10.551 GC heap after
{Heap after GC invocations=34 (full 2):
 PSYoungGen      total 16896K, used 416K [0x00000000d5580000, 0x00000000d6780000, 0x0000000100000000)
  eden space 16384K, 0% used [0x00000000d5580000,0x00000000d5580000,0x00000000d6580000)
  from space 512K, 81% used [0x00000000d6700000,0x00000000d6768000,0x00000000d6780000)
  to   space 1024K, 0% used [0x00000000d6580000,0x00000000d6580000,0x00000000d6680000)
 ParOldGen       total 68608K, used 50635K [0x0000000080000000, 0x0000000084300000, 0x00000000d5580000)
  object space 68608K, 73% used [0x0000000080000000,0x0000000083172f90,0x0000000084300000)
 Metaspace       used 52192K, committed 53568K, reserved 1114112K
  class space    used 5670K, committed 6272K, reserved 1048576K
}
Event: 10.856 GC heap before
{Heap before GC invocations=35 (full 2):
 PSYoungGen      total 16896K, used 16649K [0x00000000d5580000, 0x00000000d6780000, 0x0000000100000000)
  eden space 16384K, 99% used [0x00000000d5580000,0x00000000d655a7b0,0x00000000d6580000)
  from space 512K, 81% used [0x00000000d6700000,0x00000000d6768000,0x00000000d6780000)
  to   space 1024K, 0% used [0x00000000d6580000,0x00000000d6580000,0x00000000d6680000)
 ParOldGen       total 68608K, used 50635K [0x0000000080000000, 0x0000000084300000, 0x00000000d5580000)
  object space 68608K, 73% used [0x0000000080000000,0x0000000083172f90,0x0000000084300000)
 Metaspace       used 53586K, committed 54976K, reserved 1114112K
  class space    used 5797K, committed 6400K, reserved 1048576K
}
Event: 10.858 GC heap after
{Heap after GC invocations=35 (full 2):
 PSYoungGen      total 17408K, used 1018K [0x00000000d5580000, 0x00000000d6a80000, 0x0000000100000000)
  eden space 16384K, 0% used [0x00000000d5580000,0x00000000d5580000,0x00000000d6580000)
  from space 1024K, 99% used [0x00000000d6580000,0x00000000d667ebb0,0x00000000d6680000)
  to   space 2560K, 0% used [0x00000000d6800000,0x00000000d6800000,0x00000000d6a80000)
 ParOldGen       total 68608K, used 51593K [0x0000000080000000, 0x0000000084300000, 0x00000000d5580000)
  object space 68608K, 75% used [0x0000000080000000,0x00000000832625e0,0x0000000084300000)
 Metaspace       used 53586K, committed 54976K, reserved 1114112K
  class space    used 5797K, committed 6400K, reserved 1048576K
}
Event: 10.925 GC heap before
{Heap before GC invocations=36 (full 2):
 PSYoungGen      total 17408K, used 17402K [0x00000000d5580000, 0x00000000d6a80000, 0x0000000100000000)
  eden space 16384K, 100% used [0x00000000d5580000,0x00000000d6580000,0x00000000d6580000)
  from space 1024K, 99% used [0x00000000d6580000,0x00000000d667ebb0,0x00000000d6680000)
  to   space 2560K, 0% used [0x00000000d6800000,0x00000000d6800000,0x00000000d6a80000)
 ParOldGen       total 68608K, used 51593K [0x0000000080000000, 0x0000000084300000, 0x00000000d5580000)
  object space 68608K, 75% used [0x0000000080000000,0x00000000832625e0,0x0000000084300000)
 Metaspace       used 53610K, committed 55040K, reserved 1114112K
  class space    used 5797K, committed 6400K, reserved 1048576K
}
Event: 10.927 GC heap after
{Heap after GC invocations=36 (full 2):
 PSYoungGen      total 17920K, used 1332K [0x00000000d5580000, 0x00000000d6980000, 0x0000000100000000)
  eden space 16384K, 0% used [0x00000000d5580000,0x00000000d5580000,0x00000000d6580000)
  from space 1536K, 86% used [0x00000000d6800000,0x00000000d694d048,0x00000000d6980000)
  to   space 2048K, 0% used [0x00000000d6580000,0x00000000d6580000,0x00000000d6780000)
 ParOldGen       total 68608K, used 52546K [0x0000000080000000, 0x0000000084300000, 0x00000000d5580000)
  object space 68608K, 76% used [0x0000000080000000,0x0000000083350bb8,0x0000000084300000)
 Metaspace       used 53610K, committed 55040K, reserved 1114112K
  class space    used 5797K, committed 6400K, reserved 1048576K
}
Event: 11.001 GC heap before
{Heap before GC invocations=37 (full 2):
 PSYoungGen      total 17920K, used 17716K [0x00000000d5580000, 0x00000000d6980000, 0x0000000100000000)
  eden space 16384K, 100% used [0x00000000d5580000,0x00000000d6580000,0x00000000d6580000)
  from space 1536K, 86% used [0x00000000d6800000,0x00000000d694d048,0x00000000d6980000)
  to   space 2048K, 0% used [0x00000000d6580000,0x00000000d6580000,0x00000000d6780000)
 ParOldGen       total 68608K, used 52546K [0x0000000080000000, 0x0000000084300000, 0x00000000d5580000)
  object space 68608K, 76% used [0x0000000080000000,0x0000000083350bb8,0x0000000084300000)
 Metaspace       used 53618K, committed 55040K, reserved 1114112K
  class space    used 5797K, committed 6400K, reserved 1048576K
}
Event: 11.003 GC heap after
{Heap after GC invocations=37 (full 2):
 PSYoungGen      total 17920K, used 1375K [0x00000000d5580000, 0x00000000d6880000, 0x0000000100000000)
  eden space 16384K, 0% used [0x00000000d5580000,0x00000000d5580000,0x00000000d6580000)
  from space 1536K, 89% used [0x00000000d6580000,0x00000000d66d7f58,0x00000000d6700000)
  to   space 1536K, 0% used [0x00000000d6700000,0x00000000d6700000,0x00000000d6880000)
 ParOldGen       total 68608K, used 52795K [0x0000000080000000, 0x0000000084300000, 0x00000000d5580000)
  object space 68608K, 76% used [0x0000000080000000,0x000000008338ef28,0x0000000084300000)
 Metaspace       used 53618K, committed 55040K, reserved 1114112K
  class space    used 5797K, committed 6400K, reserved 1048576K
}
Event: 11.406 GC heap before
{Heap before GC invocations=38 (full 2):
 PSYoungGen      total 17920K, used 17759K [0x00000000d5580000, 0x00000000d6880000, 0x0000000100000000)
  eden space 16384K, 100% used [0x00000000d5580000,0x00000000d6580000,0x00000000d6580000)
  from space 1536K, 89% used [0x00000000d6580000,0x00000000d66d7f58,0x00000000d6700000)
  to   space 1536K, 0% used [0x00000000d6700000,0x00000000d6700000,0x00000000d6880000)
 ParOldGen       total 68608K, used 52795K [0x0000000080000000, 0x0000000084300000, 0x00000000d5580000)
  object space 68608K, 76% used [0x0000000080000000,0x000000008338ef28,0x0000000084300000)
 Metaspace       used 55884K, committed 57344K, reserved 1114112K
  class space    used 6022K, committed 6656K, reserved 1048576K
}
Event: 11.408 GC heap after
{Heap after GC invocations=38 (full 2):
 PSYoungGen      total 17408K, used 704K [0x00000000d5580000, 0x00000000d6800000, 0x0000000100000000)
  eden space 16384K, 0% used [0x00000000d5580000,0x00000000d5580000,0x00000000d6580000)
  from space 1024K, 68% used [0x00000000d6700000,0x00000000d67b0000,0x00000000d6800000)
  to   space 1024K, 0% used [0x00000000d6600000,0x00000000d6600000,0x00000000d6700000)
 ParOldGen       total 68608K, used 52811K [0x0000000080000000, 0x0000000084300000, 0x00000000d5580000)
  object space 68608K, 76% used [0x0000000080000000,0x0000000083392f28,0x0000000084300000)
 Metaspace       used 55884K, committed 57344K, reserved 1114112K
  class space    used 6022K, committed 6656K, reserved 1048576K
}
Event: 11.854 GC heap before
{Heap before GC invocations=39 (full 2):
 PSYoungGen      total 17408K, used 17088K [0x00000000d5580000, 0x00000000d6800000, 0x0000000100000000)
  eden space 16384K, 100% used [0x00000000d5580000,0x00000000d6580000,0x00000000d6580000)
  from space 1024K, 68% used [0x00000000d6700000,0x00000000d67b0000,0x00000000d6800000)
  to   space 1024K, 0% used [0x00000000d6600000,0x00000000d6600000,0x00000000d6700000)
 ParOldGen       total 68608K, used 52811K [0x0000000080000000, 0x0000000084300000, 0x00000000d5580000)
  object space 68608K, 76% used [0x0000000080000000,0x0000000083392f28,0x0000000084300000)
 Metaspace       used 56199K, committed 57728K, reserved 1114112K
  class space    used 6053K, committed 6720K, reserved 1048576K
}
Event: 11.856 GC heap after
{Heap after GC invocations=39 (full 2):
 PSYoungGen      total 16896K, used 512K [0x00000000d5580000, 0x00000000d6780000, 0x0000000100000000)
  eden space 16384K, 0% used [0x00000000d5580000,0x00000000d5580000,0x00000000d6580000)
  from space 512K, 100% used [0x00000000d6600000,0x00000000d6680000,0x00000000d6680000)
  to   space 1024K, 0% used [0x00000000d6680000,0x00000000d6680000,0x00000000d6780000)
 ParOldGen       total 68608K, used 53248K [0x0000000080000000, 0x0000000084300000, 0x00000000d5580000)
  object space 68608K, 77% used [0x0000000080000000,0x0000000083400060,0x0000000084300000)
 Metaspace       used 56199K, committed 57728K, reserved 1114112K
  class space    used 6053K, committed 6720K, reserved 1048576K
}
Event: 12.358 GC heap before
{Heap before GC invocations=40 (full 2):
 PSYoungGen      total 16896K, used 16896K [0x00000000d5580000, 0x00000000d6780000, 0x0000000100000000)
  eden space 16384K, 100% used [0x00000000d5580000,0x00000000d6580000,0x00000000d6580000)
  from space 512K, 100% used [0x00000000d6600000,0x00000000d6680000,0x00000000d6680000)
  to   space 1024K, 0% used [0x00000000d6680000,0x00000000d6680000,0x00000000d6780000)
 ParOldGen       total 68608K, used 53248K [0x0000000080000000, 0x0000000084300000, 0x00000000d5580000)
  object space 68608K, 77% used [0x0000000080000000,0x0000000083400060,0x0000000084300000)
 Metaspace       used 56470K, committed 57920K, reserved 1114112K
  class space    used 6062K, committed 6720K, reserved 1048576K
}
Event: 12.368 GC heap after
{Heap after GC invocations=40 (full 2):
 PSYoungGen      total 17408K, used 576K [0x00000000d5580000, 0x00000000d6780000, 0x0000000100000000)
  eden space 16384K, 0% used [0x00000000d5580000,0x00000000d5580000,0x00000000d6580000)
  from space 1024K, 56% used [0x00000000d6680000,0x00000000d6710000,0x00000000d6780000)
  to   space 1024K, 0% used [0x00000000d6580000,0x00000000d6580000,0x00000000d6680000)
 ParOldGen       total 68608K, used 53456K [0x0000000080000000, 0x0000000084300000, 0x00000000d5580000)
  object space 68608K, 77% used [0x0000000080000000,0x0000000083434060,0x0000000084300000)
 Metaspace       used 56470K, committed 57920K, reserved 1114112K
  class space    used 6062K, committed 6720K, reserved 1048576K
}

