# JRE version: OpenJDK Runtime Environment Temurin-21.0.10+7 (21.0.10+7) (build 21.0.10+7-LTS)
# Java VM: OpenJDK 64-Bit Server VM Temurin-21.0.10+7 (21.0.10+7-LTS, mixed mode, sharing, tiered, compressed oops, compressed class ptrs, parallel gc, windows-amd64)
GC Precious Log:
 CardTable entry size: 512
 CPUs: 16 total, 16 available
 Memory: 15770M
 Large Page Support: Disabled
 NUMA Support: Disabled
 Compressed Oops: Enabled (32-bit)
 Alignments: Space 512K, Generation 512K, Heap 2M
 Heap Min Capacity: 100M
 Heap Initial Capacity: 100M
 Heap Max Capacity: 2G
 Pre-touch: Disabled
 Parallel Workers: 13
Heap:
 PSYoungGen      total 21504K, used 8160K [0x00000000d5580000, 0x00000000d6c00000, 0x0000000100000000)
  eden space 19968K, 33% used [0x00000000d5580000,0x00000000d5c10230,0x00000000d6900000)
  from space 1536K, 93% used [0x00000000d6980000,0x00000000d6ae8040,0x00000000d6b00000)
  to   space 1024K, 0% used [0x00000000d6b00000,0x00000000d6b00000,0x00000000d6c00000)
 ParOldGen       total 68608K, used 42608K [0x0000000080000000, 0x0000000084300000, 0x00000000d5580000)
  object space 68608K, 62% used [0x0000000080000000,0x000000008299c098,0x0000000084300000)
 Metaspace       used 43697K, committed 44672K, reserved 1114112K
  class space    used 4220K, committed 4672K, reserved 1048576K
GC Heap History (20 events):
Event: 8.808 GC heap before
{Heap before GC invocations=24 (full 2):
 PSYoungGen      total 22016K, used 22006K [0x00000000d5580000, 0x00000000d6d00000, 0x0000000100000000)
  eden space 20992K, 100% used [0x00000000d5580000,0x00000000d6a00000,0x00000000d6a00000)
  from space 1024K, 99% used [0x00000000d6a00000,0x00000000d6afda28,0x00000000d6b00000)
  to   space 1536K, 0% used [0x00000000d6b80000,0x00000000d6b80000,0x00000000d6d00000)
 ParOldGen       total 68608K, used 30731K [0x0000000080000000, 0x0000000084300000, 0x00000000d5580000)
  object space 68608K, 44% used [0x0000000080000000,0x0000000081e02df8,0x0000000084300000)
 Metaspace       used 39111K, committed 40128K, reserved 1114112K
  class space    used 3915K, committed 4352K, reserved 1048576K
}
Event: 8.810 GC heap after
{Heap after GC invocations=24 (full 2):
 PSYoungGen      total 22016K, used 891K [0x00000000d5580000, 0x00000000d6c80000, 0x0000000100000000)
  eden space 20992K, 0% used [0x00000000d5580000,0x00000000d5580000,0x00000000d6a00000)
  from space 1024K, 87% used [0x00000000d6b80000,0x00000000d6c5ee80,0x00000000d6c80000)
  to   space 1024K, 0% used [0x00000000d6a00000,0x00000000d6a00000,0x00000000d6b00000)
 ParOldGen       total 68608K, used 30859K [0x0000000080000000, 0x0000000084300000, 0x00000000d5580000)
  object space 68608K, 44% used [0x0000000080000000,0x0000000081e22df8,0x0000000084300000)
 Metaspace       used 39111K, committed 40128K, reserved 1114112K
  class space    used 3915K, committed 4352K, reserved 1048576K
}
Event: 9.152 GC heap before
{Heap before GC invocations=25 (full 2):
 PSYoungGen      total 22016K, used 21883K [0x00000000d5580000, 0x00000000d6c80000, 0x0000000100000000)
  eden space 20992K, 100% used [0x00000000d5580000,0x00000000d6a00000,0x00000000d6a00000)
  from space 1024K, 87% used [0x00000000d6b80000,0x00000000d6c5ee80,0x00000000d6c80000)
  to   space 1024K, 0% used [0x00000000d6a00000,0x00000000d6a00000,0x00000000d6b00000)
 ParOldGen       total 68608K, used 30859K [0x0000000080000000, 0x0000000084300000, 0x00000000d5580000)
  object space 68608K, 44% used [0x0000000080000000,0x0000000081e22df8,0x0000000084300000)
 Metaspace       used 39479K, committed 40512K, reserved 1114112K
  class space    used 3933K, committed 4416K, reserved 1048576K
}
Event: 9.154 GC heap after
{Heap after GC invocations=25 (full 2):
 PSYoungGen      total 22016K, used 720K [0x00000000d5580000, 0x00000000d6c00000, 0x0000000100000000)
  eden space 20992K, 0% used [0x00000000d5580000,0x00000000d5580000,0x00000000d6a00000)
  from space 1024K, 70% used [0x00000000d6a00000,0x00000000d6ab4010,0x00000000d6b00000)
  to   space 1024K, 0% used [0x00000000d6b00000,0x00000000d6b00000,0x00000000d6c00000)
 ParOldGen       total 68608K, used 31269K [0x0000000080000000, 0x0000000084300000, 0x00000000d5580000)
  object space 68608K, 45% used [0x0000000080000000,0x0000000081e894a8,0x0000000084300000)
 Metaspace       used 39479K, committed 40512K, reserved 1114112K
  class space    used 3933K, committed 4416K, reserved 1048576K
}
Event: 10.561 GC heap before
{Heap before GC invocations=26 (full 2):
 PSYoungGen      total 22016K, used 21712K [0x00000000d5580000, 0x00000000d6c00000, 0x0000000100000000)
  eden space 20992K, 100% used [0x00000000d5580000,0x00000000d6a00000,0x00000000d6a00000)
  from space 1024K, 70% used [0x00000000d6a00000,0x00000000d6ab4010,0x00000000d6b00000)
  to   space 1024K, 0% used [0x00000000d6b00000,0x00000000d6b00000,0x00000000d6c00000)
 ParOldGen       total 68608K, used 31269K [0x0000000080000000, 0x0000000084300000, 0x00000000d5580000)
  object space 68608K, 45% used [0x0000000080000000,0x0000000081e894a8,0x0000000084300000)
 Metaspace       used 40838K, committed 41856K, reserved 1114112K
  class space    used 4068K, committed 4544K, reserved 1048576K
}
Event: 10.563 GC heap after
{Heap after GC invocations=26 (full 2):
 PSYoungGen      total 20992K, used 1008K [0x00000000d5580000, 0x00000000d6e00000, 0x0000000100000000)
  eden space 19968K, 0% used [0x00000000d5580000,0x00000000d5580000,0x00000000d6900000)
  from space 1024K, 98% used [0x00000000d6b00000,0x00000000d6bfc3f8,0x00000000d6c00000)
  to   space 2048K, 0% used [0x00000000d6900000,0x00000000d6900000,0x00000000d6b00000)
 ParOldGen       total 68608K, used 31740K [0x0000000080000000, 0x0000000084300000, 0x00000000d5580000)
  object space 68608K, 46% used [0x0000000080000000,0x0000000081eff0a0,0x0000000084300000)
 Metaspace       used 40838K, committed 41856K, reserved 1114112K
  class space    used 4068K, committed 4544K, reserved 1048576K
}
Event: 10.827 GC heap before
{Heap before GC invocations=27 (full 2):
 PSYoungGen      total 20992K, used 20976K [0x00000000d5580000, 0x00000000d6e00000, 0x0000000100000000)
  eden space 19968K, 100% used [0x00000000d5580000,0x00000000d6900000,0x00000000d6900000)
  from space 1024K, 98% used [0x00000000d6b00000,0x00000000d6bfc3f8,0x00000000d6c00000)
  to   space 2048K, 0% used [0x00000000d6900000,0x00000000d6900000,0x00000000d6b00000)
 ParOldGen       total 68608K, used 31740K [0x0000000080000000, 0x0000000084300000, 0x00000000d5580000)
  object space 68608K, 46% used [0x0000000080000000,0x0000000081eff0a0,0x0000000084300000)
 Metaspace       used 41918K, committed 42944K, reserved 1114112K
  class space    used 4147K, committed 4608K, reserved 1048576K
}
Event: 10.829 GC heap after
{Heap after GC invocations=27 (full 2):
 PSYoungGen      total 22016K, used 1560K [0x00000000d5580000, 0x00000000d6d00000, 0x0000000100000000)
  eden space 19968K, 0% used [0x00000000d5580000,0x00000000d5580000,0x00000000d6900000)
  from space 2048K, 76% used [0x00000000d6900000,0x00000000d6a86048,0x00000000d6b00000)
  to   space 2048K, 0% used [0x00000000d6b00000,0x00000000d6b00000,0x00000000d6d00000)
 ParOldGen       total 68608K, used 32725K [0x0000000080000000, 0x0000000084300000, 0x00000000d5580000)
  object space 68608K, 47% used [0x0000000080000000,0x0000000081ff5408,0x0000000084300000)
 Metaspace       used 41918K, committed 42944K, reserved 1114112K
  class space    used 4147K, committed 4608K, reserved 1048576K
}
Event: 11.033 GC heap before
{Heap before GC invocations=28 (full 2):
 PSYoungGen      total 22016K, used 21528K [0x00000000d5580000, 0x00000000d6d00000, 0x0000000100000000)
  eden space 19968K, 100% used [0x00000000d5580000,0x00000000d6900000,0x00000000d6900000)
  from space 2048K, 76% used [0x00000000d6900000,0x00000000d6a86048,0x00000000d6b00000)
  to   space 2048K, 0% used [0x00000000d6b00000,0x00000000d6b00000,0x00000000d6d00000)
 ParOldGen       total 68608K, used 32725K [0x0000000080000000, 0x0000000084300000, 0x00000000d5580000)
  object space 68608K, 47% used [0x0000000080000000,0x0000000081ff5408,0x0000000084300000)
 Metaspace       used 42228K, committed 43264K, reserved 1114112K
  class space    used 4153K, committed 4608K, reserved 1048576K
}
Event: 11.036 GC heap after
{Heap after GC invocations=28 (full 2):
 PSYoungGen      total 21504K, used 1296K [0x00000000d5580000, 0x00000000d6c80000, 0x0000000100000000)
  eden space 19968K, 0% used [0x00000000d5580000,0x00000000d5580000,0x00000000d6900000)
  from space 1536K, 84% used [0x00000000d6b00000,0x00000000d6c44030,0x00000000d6c80000)
  to   space 1536K, 0% used [0x00000000d6980000,0x00000000d6980000,0x00000000d6b00000)
 ParOldGen       total 68608K, used 34129K [0x0000000080000000, 0x0000000084300000, 0x00000000d5580000)
  object space 68608K, 49% used [0x0000000080000000,0x00000000821544f8,0x0000000084300000)
 Metaspace       used 42228K, committed 43264K, reserved 1114112K
  class space    used 4153K, committed 4608K, reserved 1048576K
}
Event: 11.242 GC heap before
{Heap before GC invocations=29 (full 2):
 PSYoungGen      total 21504K, used 21264K [0x00000000d5580000, 0x00000000d6c80000, 0x0000000100000000)
  eden space 19968K, 100% used [0x00000000d5580000,0x00000000d6900000,0x00000000d6900000)
  from space 1536K, 84% used [0x00000000d6b00000,0x00000000d6c44030,0x00000000d6c80000)
  to   space 1536K, 0% used [0x00000000d6980000,0x00000000d6980000,0x00000000d6b00000)
 ParOldGen       total 68608K, used 34129K [0x0000000080000000, 0x0000000084300000, 0x00000000d5580000)
  object space 68608K, 49% used [0x0000000080000000,0x00000000821544f8,0x0000000084300000)
 Metaspace       used 42409K, committed 43456K, reserved 1114112K
  class space    used 4153K, committed 4608K, reserved 1048576K
}
Event: 11.246 GC heap after
{Heap after GC invocations=29 (full 2):
 PSYoungGen      total 21504K, used 1504K [0x00000000d5580000, 0x00000000d7100000, 0x0000000100000000)
  eden space 19968K, 0% used [0x00000000d5580000,0x00000000d5580000,0x00000000d6900000)
  from space 1536K, 97% used [0x00000000d6980000,0x00000000d6af8020,0x00000000d6b00000)
  to   space 4096K, 0% used [0x00000000d6d00000,0x00000000d6d00000,0x00000000d7100000)
 ParOldGen       total 68608K, used 35933K [0x0000000080000000, 0x0000000084300000, 0x00000000d5580000)
  object space 68608K, 52% used [0x0000000080000000,0x0000000082317708,0x0000000084300000)
 Metaspace       used 42409K, committed 43456K, reserved 1114112K
  class space    used 4153K, committed 4608K, reserved 1048576K
}
Event: 11.564 GC heap before
{Heap before GC invocations=30 (full 2):
 PSYoungGen      total 21504K, used 21472K [0x00000000d5580000, 0x00000000d7100000, 0x0000000100000000)
  eden space 19968K, 100% used [0x00000000d5580000,0x00000000d6900000,0x00000000d6900000)
  from space 1536K, 97% used [0x00000000d6980000,0x00000000d6af8020,0x00000000d6b00000)
  to   space 4096K, 0% used [0x00000000d6d00000,0x00000000d6d00000,0x00000000d7100000)
 ParOldGen       total 68608K, used 35933K [0x0000000080000000, 0x0000000084300000, 0x00000000d5580000)
  object space 68608K, 52% used [0x0000000080000000,0x0000000082317708,0x0000000084300000)
 Metaspace       used 42982K, committed 44032K, reserved 1114112K
  class space    used 4188K, committed 4672K, reserved 1048576K
}
Event: 11.568 GC heap after
{Heap after GC invocations=30 (full 2):
 PSYoungGen      total 23552K, used 3204K [0x00000000d5580000, 0x00000000d7080000, 0x0000000100000000)
  eden space 19968K, 0% used [0x00000000d5580000,0x00000000d5580000,0x00000000d6900000)
  from space 3584K, 89% used [0x00000000d6d00000,0x00000000d7021368,0x00000000d7080000)
  to   space 3584K, 0% used [0x00000000d6980000,0x00000000d6980000,0x00000000d6d00000)
 ParOldGen       total 68608K, used 37444K [0x0000000080000000, 0x0000000084300000, 0x00000000d5580000)
  object space 68608K, 54% used [0x0000000080000000,0x0000000082491100,0x0000000084300000)
 Metaspace       used 42982K, committed 44032K, reserved 1114112K
  class space    used 4188K, committed 4672K, reserved 1048576K
}
Event: 11.912 GC heap before
{Heap before GC invocations=31 (full 2):
 PSYoungGen      total 23552K, used 23172K [0x00000000d5580000, 0x00000000d7080000, 0x0000000100000000)
  eden space 19968K, 100% used [0x00000000d5580000,0x00000000d6900000,0x00000000d6900000)
  from space 3584K, 89% used [0x00000000d6d00000,0x00000000d7021368,0x00000000d7080000)
  to   space 3584K, 0% used [0x00000000d6980000,0x00000000d6980000,0x00000000d6d00000)
 ParOldGen       total 68608K, used 37444K [0x0000000080000000, 0x0000000084300000, 0x00000000d5580000)
  object space 68608K, 54% used [0x0000000080000000,0x0000000082491100,0x0000000084300000)
 Metaspace       used 43312K, committed 44352K, reserved 1114112K
  class space    used 4196K, committed 4672K, reserved 1048576K
}
Event: 11.915 GC heap after
{Heap after GC invocations=31 (full 2):
 PSYoungGen      total 22016K, used 2025K [0x00000000d5580000, 0x00000000d6e00000, 0x0000000100000000)
  eden space 19968K, 0% used [0x00000000d5580000,0x00000000d5580000,0x00000000d6900000)
  from space 2048K, 98% used [0x00000000d6980000,0x00000000d6b7a550,0x00000000d6b80000)
  to   space 2560K, 0% used [0x00000000d6b80000,0x00000000d6b80000,0x00000000d6e00000)
 ParOldGen       total 68608K, used 40482K [0x0000000080000000, 0x0000000084300000, 0x00000000d5580000)
  object space 68608K, 59% used [0x0000000080000000,0x0000000082788838,0x0000000084300000)
 Metaspace       used 43312K, committed 44352K, reserved 1114112K
  class space    used 4196K, committed 4672K, reserved 1048576K
}
Event: 12.194 GC heap before
{Heap before GC invocations=32 (full 2):
 PSYoungGen      total 22016K, used 21993K [0x00000000d5580000, 0x00000000d6e00000, 0x0000000100000000)
  eden space 19968K, 100% used [0x00000000d5580000,0x00000000d6900000,0x00000000d6900000)
  from space 2048K, 98% used [0x00000000d6980000,0x00000000d6b7a550,0x00000000d6b80000)
  to   space 2560K, 0% used [0x00000000d6b80000,0x00000000d6b80000,0x00000000d6e00000)
 ParOldGen       total 68608K, used 40482K [0x0000000080000000, 0x0000000084300000, 0x00000000d5580000)
  object space 68608K, 59% used [0x0000000080000000,0x0000000082788838,0x0000000084300000)
 Metaspace       used 43473K, committed 44416K, reserved 1114112K
  class space    used 4197K, committed 4672K, reserved 1048576K
}
Event: 12.197 GC heap after
{Heap after GC invocations=32 (full 2):
 PSYoungGen      total 20992K, used 976K [0x00000000d5580000, 0x00000000d6c80000, 0x0000000100000000)
  eden space 19968K, 0% used [0x00000000d5580000,0x00000000d5580000,0x00000000d6900000)
  from space 1024K, 95% used [0x00000000d6b80000,0x00000000d6c74010,0x00000000d6c80000)
  to   space 1536K, 0% used [0x00000000d6980000,0x00000000d6980000,0x00000000d6b00000)
 ParOldGen       total 68608K, used 41897K [0x0000000080000000, 0x0000000084300000, 0x00000000d5580000)
  object space 68608K, 61% used [0x0000000080000000,0x00000000828ea598,0x0000000084300000)
 Metaspace       used 43473K, committed 44416K, reserved 1114112K
  class space    used 4197K, committed 4672K, reserved 1048576K
}
Event: 12.464 GC heap before
{Heap before GC invocations=33 (full 2):
 PSYoungGen      total 20992K, used 20944K [0x00000000d5580000, 0x00000000d6c80000, 0x0000000100000000)
  eden space 19968K, 100% used [0x00000000d5580000,0x00000000d6900000,0x00000000d6900000)
  from space 1024K, 95% used [0x00000000d6b80000,0x00000000d6c74010,0x00000000d6c80000)
  to   space 1536K, 0% used [0x00000000d6980000,0x00000000d6980000,0x00000000d6b00000)
 ParOldGen       total 68608K, used 41897K [0x0000000080000000, 0x0000000084300000, 0x00000000d5580000)
  object space 68608K, 61% used [0x0000000080000000,0x00000000828ea598,0x0000000084300000)
 Metaspace       used 43562K, committed 44608K, reserved 1114112K
  class space    used 4200K, committed 4672K, reserved 1048576K
}
Event: 12.466 GC heap after
{Heap after GC invocations=33 (full 2):
 PSYoungGen      total 21504K, used 1440K [0x00000000d5580000, 0x00000000d6c00000, 0x0000000100000000)
  eden space 19968K, 0% used [0x00000000d5580000,0x00000000d5580000,0x00000000d6900000)
  from space 1536K, 93% used [0x00000000d6980000,0x00000000d6ae8040,0x00000000d6b00000)
  to   space 1024K, 0% used [0x00000000d6b00000,0x00000000d6b00000,0x00000000d6c00000)
 ParOldGen       total 68608K, used 42608K [0x0000000080000000, 0x0000000084300000, 0x00000000d5580000)
  object space 68608K, 62% used [0x0000000080000000,0x000000008299c098,0x0000000084300000)
 Metaspace       used 43562K, committed 44608K, reserved 1114112K
  class space    used 4200K, committed 4672K, reserved 1048576K
}

